*** SLURM BATCH JOB 'test_job' STARTING ***
*** Activating environment cs236781-hw ***
[NbConvertApp] Converting notebook Part1_Sequence.ipynb to notebook
[NbConvertApp] Executing notebook with kernel: python3
[NbConvertApp] ERROR | Timeout waiting for execute reply (3600s).
Traceback (most recent call last):
  File "/home/tal.yaakov/miniconda3/envs/cs236781-hw/bin/jupyter-nbconvert", line 11, in <module>
    sys.exit(main())
  File "/home/tal.yaakov/miniconda3/envs/cs236781-hw/lib/python3.7/site-packages/jupyter_core/application.py", line 270, in launch_instance
    return super(JupyterApp, cls).launch_instance(argv=argv, **kwargs)
  File "/home/tal.yaakov/miniconda3/envs/cs236781-hw/lib/python3.7/site-packages/traitlets/config/application.py", line 664, in launch_instance
    app.start()
  File "/home/tal.yaakov/miniconda3/envs/cs236781-hw/lib/python3.7/site-packages/nbconvert/nbconvertapp.py", line 340, in start
    self.convert_notebooks()
  File "/home/tal.yaakov/miniconda3/envs/cs236781-hw/lib/python3.7/site-packages/nbconvert/nbconvertapp.py", line 510, in convert_notebooks
    self.convert_single_notebook(notebook_filename)
  File "/home/tal.yaakov/miniconda3/envs/cs236781-hw/lib/python3.7/site-packages/nbconvert/nbconvertapp.py", line 481, in convert_single_notebook
    output, resources = self.export_single_notebook(notebook_filename, resources, input_buffer=input_buffer)
  File "/home/tal.yaakov/miniconda3/envs/cs236781-hw/lib/python3.7/site-packages/nbconvert/nbconvertapp.py", line 410, in export_single_notebook
    output, resources = self.exporter.from_filename(notebook_filename, resources=resources)
  File "/home/tal.yaakov/miniconda3/envs/cs236781-hw/lib/python3.7/site-packages/nbconvert/exporters/exporter.py", line 179, in from_filename
    return self.from_file(f, resources=resources, **kw)
  File "/home/tal.yaakov/miniconda3/envs/cs236781-hw/lib/python3.7/site-packages/nbconvert/exporters/exporter.py", line 197, in from_file
    return self.from_notebook_node(nbformat.read(file_stream, as_version=4), resources=resources, **kw)
  File "/home/tal.yaakov/miniconda3/envs/cs236781-hw/lib/python3.7/site-packages/nbconvert/exporters/notebook.py", line 32, in from_notebook_node
    nb_copy, resources = super(NotebookExporter, self).from_notebook_node(nb, resources, **kw)
  File "/home/tal.yaakov/miniconda3/envs/cs236781-hw/lib/python3.7/site-packages/nbconvert/exporters/exporter.py", line 139, in from_notebook_node
    nb_copy, resources = self._preprocess(nb_copy, resources)
  File "/home/tal.yaakov/miniconda3/envs/cs236781-hw/lib/python3.7/site-packages/nbconvert/exporters/exporter.py", line 316, in _preprocess
    nbc, resc = preprocessor(nbc, resc)
  File "/home/tal.yaakov/miniconda3/envs/cs236781-hw/lib/python3.7/site-packages/nbconvert/preprocessors/base.py", line 47, in __call__
    return self.preprocess(nb, resources)
  File "/home/tal.yaakov/miniconda3/envs/cs236781-hw/lib/python3.7/site-packages/nbconvert/preprocessors/execute.py", line 405, in preprocess
    nb, resources = super(ExecutePreprocessor, self).preprocess(nb, resources)
  File "/home/tal.yaakov/miniconda3/envs/cs236781-hw/lib/python3.7/site-packages/nbconvert/preprocessors/base.py", line 69, in preprocess
    nb.cells[index], resources = self.preprocess_cell(cell, resources, index)
  File "/home/tal.yaakov/miniconda3/envs/cs236781-hw/lib/python3.7/site-packages/nbconvert/preprocessors/execute.py", line 438, in preprocess_cell
    reply, outputs = self.run_cell(cell, cell_index, store_history)
  File "/home/tal.yaakov/miniconda3/envs/cs236781-hw/lib/python3.7/site-packages/nbconvert/preprocessors/execute.py", line 571, in run_cell
    if self._passed_deadline(deadline):
  File "/home/tal.yaakov/miniconda3/envs/cs236781-hw/lib/python3.7/site-packages/nbconvert/preprocessors/execute.py", line 541, in _passed_deadline
    self._handle_timeout()
  File "/home/tal.yaakov/miniconda3/envs/cs236781-hw/lib/python3.7/site-packages/nbconvert/preprocessors/execute.py", line 504, in _handle_timeout
    raise TimeoutError("Cell execution timed out")
TimeoutError: Cell execution timed out
Got errors while executing notebook Part1_Sequence.ipynb. Make sure you've implemented everything and that all tests pass.
>> Running 1 notebooks...
>> Running nbconvert on notebook Part1_Sequence.ipynb [execute|inplace]
*** SLURM BATCH JOB 'test_job' DONE ***
